#
# There is insufficient memory for the Java Runtime Environment to continue.
# Native memory allocation (malloc) failed to allocate 1740832 bytes. Error detail: Chunk::new
# Possible reasons:
#   The system is out of physical RAM or swap space
#   This process is running with CompressedOops enabled, and the Java Heap may be blocking the growth of the native heap
# Possible solutions:
#   Reduce memory load on the system
#   Increase physical memory or swap space
#   Check if swap backing store is full
#   Decrease Java heap size (-Xmx/-Xms)
#   Decrease number of Java threads
#   Decrease Java thread stack sizes (-Xss)
#   Set larger code cache with -XX:ReservedCodeCacheSize=
#   JVM is running with Unscaled Compressed Oops mode in which the Java heap is
#     placed in the first 4GB address space. The Java Heap base address is the
#     maximum limit for the native heap growth. Please use -XX:HeapBaseMinAddress
#     to set the Java Heap base and to place the Java Heap above 4GB virtual address.
# This output file may be truncated or incomplete.
#
#  Out of Memory Error (arena.cpp:168), pid=36064, tid=33528
#
# JRE version: OpenJDK Runtime Environment Temurin-21.0.8+9 (21.0.8+9) (build 21.0.8+9-LTS)
# Java VM: OpenJDK 64-Bit Server VM Temurin-21.0.8+9 (21.0.8+9-LTS, mixed mode, sharing, tiered, compressed oops, compressed class ptrs, g1 gc, windows-amd64)
# No core dump will be written. Minidumps are not enabled by default on client versions of Windows
#

---------------  S U M M A R Y ------------

Command Line: C:\Users\asus\AppData\Local\Temp\surefire1332036231796400602\surefirebooter-20260305230745618_3.jar C:\Users\asus\AppData\Local\Temp\surefire1332036231796400602 2026-03-05T23-07-30_298-jvmRun1 surefire-20260305230745618_1tmp surefire_0-20260305230745618_2tmp

Host: Intel(R) Celeron(R) N4020 CPU @ 1.10GHz, 2 cores, 3G,  Windows 11 , 64 bit Build 22621 (10.0.22621.5415)
Time: Thu Mar  5 23:10:58 2026 Pacific Standard Time elapsed time: 169.847978 seconds (0d 0h 2m 49s)

---------------  T H R E A D  ---------------

Current thread (0x000002e7a1e53840):  JavaThread "C2 CompilerThread0" daemon [_thread_in_native, id=33528, stack(0x000000f150600000,0x000000f150700000) (1024K)]


Current CompileTask:
C2:169848 6834       4       org.springframework.beans.factory.support.AbstractBeanFactory::isTypeMatch (776 bytes)

Stack: [0x000000f150600000,0x000000f150700000]
Native frames: (J=compiled Java code, j=interpreted, Vv=VM code, C=native code)
V  [jvm.dll+0x6d2449]
V  [jvm.dll+0x8ae341]
V  [jvm.dll+0x8b08be]
V  [jvm.dll+0x8b0fa3]
V  [jvm.dll+0x280c96]
V  [jvm.dll+0xc581d]
V  [jvm.dll+0xc5d53]
V  [jvm.dll+0x3b919c]
V  [jvm.dll+0x1e1409]
V  [jvm.dll+0x249022]
V  [jvm.dll+0x2484af]
V  [jvm.dll+0x1c89ee]
V  [jvm.dll+0x257d4d]
V  [jvm.dll+0x2562ea]
V  [jvm.dll+0x3f2d16]
V  [jvm.dll+0x857e6b]
V  [jvm.dll+0x6d0b0d]
C  [ucrtbase.dll+0x29333]
C  [KERNEL32.DLL+0x1259d]
C  [ntdll.dll+0x5af78]


---------------  P R O C E S S  ---------------

Threads class SMR info:
_java_thread_list=0x000002e7e9d8a540, length=15, elements={
0x000002e7873c9980, 0x000002e7a1e46940, 0x000002e7a1e486b0, 0x000002e7a1e4cbb0,
0x000002e7a1e4d600, 0x000002e7a1e4e050, 0x000002e7a1e4eaa0, 0x000002e7a1e53840,
0x000002e7a1e59820, 0x000002e7e706fc30, 0x000002e7e7075880, 0x000002e7e720b5a0,
0x000002e7e72c2260, 0x000002e7ea2d1860, 0x000002e7e9426d90
}

Java Threads: ( => current thread )
  0x000002e7873c9980 JavaThread "main"                              [_thread_in_Java, id=38104, stack(0x000000f14f800000,0x000000f14f900000) (1024K)]
  0x000002e7a1e46940 JavaThread "Reference Handler"          daemon [_thread_blocked, id=29872, stack(0x000000f150000000,0x000000f150100000) (1024K)]
  0x000002e7a1e486b0 JavaThread "Finalizer"                  daemon [_thread_blocked, id=31176, stack(0x000000f150100000,0x000000f150200000) (1024K)]
  0x000002e7a1e4cbb0 JavaThread "Signal Dispatcher"          daemon [_thread_blocked, id=21884, stack(0x000000f150200000,0x000000f150300000) (1024K)]
  0x000002e7a1e4d600 JavaThread "Attach Listener"            daemon [_thread_blocked, id=29840, stack(0x000000f150300000,0x000000f150400000) (1024K)]
  0x000002e7a1e4e050 JavaThread "Service Thread"             daemon [_thread_blocked, id=18700, stack(0x000000f150400000,0x000000f150500000) (1024K)]
  0x000002e7a1e4eaa0 JavaThread "Monitor Deflation Thread"   daemon [_thread_blocked, id=22604, stack(0x000000f150500000,0x000000f150600000) (1024K)]
=>0x000002e7a1e53840 JavaThread "C2 CompilerThread0"         daemon [_thread_in_native, id=33528, stack(0x000000f150600000,0x000000f150700000) (1024K)]
  0x000002e7a1e59820 JavaThread "C1 CompilerThread0"         daemon [_thread_blocked, id=19508, stack(0x000000f150700000,0x000000f150800000) (1024K)]
  0x000002e7e706fc30 JavaThread "Notification Thread"        daemon [_thread_blocked, id=24496, stack(0x000000f150800000,0x000000f150900000) (1024K)]
  0x000002e7e7075880 JavaThread "Common-Cleaner"             daemon [_thread_blocked, id=37044, stack(0x000000f150900000,0x000000f150a00000) (1024K)]
  0x000002e7e720b5a0 JavaThread "surefire-forkedjvm-stream-flusher" daemon [_thread_blocked, id=3860, stack(0x000000f150b00000,0x000000f150c00000) (1024K)]
  0x000002e7e72c2260 JavaThread "surefire-forkedjvm-command-thread" daemon [_thread_in_native, id=15588, stack(0x000000f150c00000,0x000000f150d00000) (1024K)]
  0x000002e7ea2d1860 JavaThread "mysql-cj-abandoned-connection-cleanup" daemon [_thread_blocked, id=8704, stack(0x000000f14f600000,0x000000f14f700000) (1024K)]
  0x000002e7e9426d90 JavaThread "HikariPool-1:housekeeper"   daemon [_thread_blocked, id=9008, stack(0x000000f150f00000,0x000000f151000000) (1024K)]
Total: 15

Other Threads:
  0x000002e78747c7a0 VMThread "VM Thread"                           [id=20160, stack(0x000000f14ff00000,0x000000f150000000) (1024K)] _threads_hazard_ptr=0x000002e7e9d8a540
  0x000002e7a1e3a3a0 WatcherThread "VM Periodic Task Thread"        [id=2316, stack(0x000000f14fe00000,0x000000f14ff00000) (1024K)]
  0x000002e787400980 WorkerThread "GC Thread#0"                     [id=30048, stack(0x000000f14f900000,0x000000f14fa00000) (1024K)]
  0x000002e7e706f040 WorkerThread "GC Thread#1"                     [id=32936, stack(0x000000f150a00000,0x000000f150b00000) (1024K)]
  0x000002e7874093e0 ConcurrentGCThread "G1 Main Marker"            [id=2572, stack(0x000000f14fa00000,0x000000f14fb00000) (1024K)]
  0x000002e787409ee0 WorkerThread "G1 Conc#0"                       [id=36896, stack(0x000000f14fb00000,0x000000f14fc00000) (1024K)]
  0x000002e787459bf0 ConcurrentGCThread "G1 Refine#0"               [id=14112, stack(0x000000f14fc00000,0x000000f14fd00000) (1024K)]
  0x000002e78745a760 ConcurrentGCThread "G1 Service"                [id=1652, stack(0x000000f14fd00000,0x000000f14fe00000) (1024K)]
Total: 8

Threads with active compile tasks:
C2 CompilerThread0  169898 6834       4       org.springframework.beans.factory.support.AbstractBeanFactory::isTypeMatch (776 bytes)
Total: 1

VM state: synchronizing (normal execution)

VM Mutex/Monitor currently owned by a thread:  ([mutex/lock_event])
[0x00007fffbbda5458] Threads_lock - owner thread: 0x000002e78747c7a0

Heap address: 0x00000000c2c00000, size: 980 MB, Compressed Oops mode: 32-bit

CDS archive(s) mapped at: [0x000002e7a2000000-0x000002e7a2c80000-0x000002e7a2c80000), size 13107200, SharedBaseAddress: 0x000002e7a2000000, ArchiveRelocationMode: 1.
Compressed class space mapped at: 0x000002e7a3000000-0x000002e7e3000000, reserved size: 1073741824
Narrow klass base: 0x000002e7a2000000, Narrow klass shift: 0, Narrow klass range: 0x100000000

GC Precious Log:
 CardTable entry size: 512
 Card Set container configuration: InlinePtr #cards 5 size 8 Array Of Cards #cards 12 size 40 Howl #buckets 4 coarsen threshold 1843 Howl Bitmap #cards 512 size 80 coarsen threshold 460 Card regions per heap region 1 cards per card region 2048
 CPUs: 2 total, 2 available
 Memory: 3918M
 Large Page Support: Disabled
 NUMA Support: Disabled
 Compressed Oops: Enabled (32-bit)
 Heap Region Size: 1M
 Heap Min Capacity: 8M
 Heap Initial Capacity: 62M
 Heap Max Capacity: 980M
 Pre-touch: Disabled
 Parallel Workers: 2
 Concurrent Workers: 1
 Concurrent Refinement Workers: 2
 Periodic GC: Disabled

Heap:
 garbage-first heap   total 55296K, used 44915K [0x00000000c2c00000, 0x0000000100000000)
  region size 1024K, 14 young (14336K), 2 survivors (2048K)
 Metaspace       used 77139K, committed 77824K, reserved 1179648K
  class space    used 10715K, committed 11008K, reserved 1048576K

Heap Regions: E=young(eden), S=young(survivor), O=old, HS=humongous(starts), HC=humongous(continues), CS=collection set, F=free, TAMS=top-at-mark-start, PB=parsable bottom
|   0|0x00000000c2c00000, 0x00000000c2d00000, 0x00000000c2d00000|100%|HS|  |TAMS 0x00000000c2c00000| PB 0x00000000c2c00000| Complete 
|   1|0x00000000c2d00000, 0x00000000c2e00000, 0x00000000c2e00000|100%| O|  |TAMS 0x00000000c2d00000| PB 0x00000000c2d00000| Untracked 
|   2|0x00000000c2e00000, 0x00000000c2f00000, 0x00000000c2f00000|100%| O|  |TAMS 0x00000000c2e00000| PB 0x00000000c2e00000| Untracked 
|   3|0x00000000c2f00000, 0x00000000c3000000, 0x00000000c3000000|100%| O|  |TAMS 0x00000000c2f00000| PB 0x00000000c2f00000| Untracked 
|   4|0x00000000c3000000, 0x00000000c3100000, 0x00000000c3100000|100%|HS|  |TAMS 0x00000000c3000000| PB 0x00000000c3000000| Complete 
|   5|0x00000000c3100000, 0x00000000c3200000, 0x00000000c3200000|100%| O|  |TAMS 0x00000000c3100000| PB 0x00000000c3100000| Untracked 
|   6|0x00000000c3200000, 0x00000000c3300000, 0x00000000c3300000|100%| O|  |TAMS 0x00000000c3200000| PB 0x00000000c3200000| Untracked 
|   7|0x00000000c3300000, 0x00000000c3400000, 0x00000000c3400000|100%| O|  |TAMS 0x00000000c3300000| PB 0x00000000c3300000| Untracked 
|   8|0x00000000c3400000, 0x00000000c3500000, 0x00000000c3500000|100%| O|  |TAMS 0x00000000c3400000| PB 0x00000000c3400000| Untracked 
|   9|0x00000000c3500000, 0x00000000c3600000, 0x00000000c3600000|100%| O|  |TAMS 0x00000000c3500000| PB 0x00000000c3500000| Untracked 
|  10|0x00000000c3600000, 0x00000000c3700000, 0x00000000c3700000|100%| O|  |TAMS 0x00000000c3600000| PB 0x00000000c3600000| Untracked 
|  11|0x00000000c3700000, 0x00000000c3800000, 0x00000000c3800000|100%| O|  |TAMS 0x00000000c3700000| PB 0x00000000c3700000| Untracked 
|  12|0x00000000c3800000, 0x00000000c3900000, 0x00000000c3900000|100%| O|  |TAMS 0x00000000c3800000| PB 0x00000000c3800000| Untracked 
|  13|0x00000000c3900000, 0x00000000c3a00000, 0x00000000c3a00000|100%| O|  |TAMS 0x00000000c3900000| PB 0x00000000c3900000| Untracked 
|  14|0x00000000c3a00000, 0x00000000c3b00000, 0x00000000c3b00000|100%| O|  |TAMS 0x00000000c3a00000| PB 0x00000000c3a00000| Untracked 
|  15|0x00000000c3b00000, 0x00000000c3c00000, 0x00000000c3c00000|100%| O|  |TAMS 0x00000000c3b00000| PB 0x00000000c3b00000| Untracked 
|  16|0x00000000c3c00000, 0x00000000c3d00000, 0x00000000c3d00000|100%| O|  |TAMS 0x00000000c3c00000| PB 0x00000000c3c00000| Untracked 
|  17|0x00000000c3d00000, 0x00000000c3e00000, 0x00000000c3e00000|100%| O|  |TAMS 0x00000000c3d00000| PB 0x00000000c3d00000| Untracked 
|  18|0x00000000c3e00000, 0x00000000c3f00000, 0x00000000c3f00000|100%| O|  |TAMS 0x00000000c3e00000| PB 0x00000000c3e00000| Untracked 
|  19|0x00000000c3f00000, 0x00000000c4000000, 0x00000000c4000000|100%| O|  |TAMS 0x00000000c3f00000| PB 0x00000000c3f00000| Untracked 
|  20|0x00000000c4000000, 0x00000000c4100000, 0x00000000c4100000|100%| O|Cm|TAMS 0x00000000c4000000| PB 0x00000000c4000000| Complete 
|  21|0x00000000c4100000, 0x00000000c4200000, 0x00000000c4200000|100%| O|  |TAMS 0x00000000c4100000| PB 0x00000000c4100000| Untracked 
|  22|0x00000000c4200000, 0x00000000c4300000, 0x00000000c4300000|100%| O|  |TAMS 0x00000000c4200000| PB 0x00000000c4200000| Untracked 
|  23|0x00000000c4300000, 0x00000000c4400000, 0x00000000c4400000|100%| O|  |TAMS 0x00000000c4300000| PB 0x00000000c4300000| Untracked 
|  24|0x00000000c4400000, 0x00000000c4500000, 0x00000000c4500000|100%| O|  |TAMS 0x00000000c4400000| PB 0x00000000c4400000| Untracked 
|  25|0x00000000c4500000, 0x00000000c4600000, 0x00000000c4600000|100%| O|  |TAMS 0x00000000c4500000| PB 0x00000000c4500000| Untracked 
|  26|0x00000000c4600000, 0x00000000c4700000, 0x00000000c4700000|100%| O|  |TAMS 0x00000000c4600000| PB 0x00000000c4600000| Untracked 
|  27|0x00000000c4700000, 0x00000000c4800000, 0x00000000c4800000|100%| O|  |TAMS 0x00000000c4700000| PB 0x00000000c4700000| Untracked 
|  28|0x00000000c4800000, 0x00000000c4900000, 0x00000000c4900000|100%| O|  |TAMS 0x00000000c4800000| PB 0x00000000c4800000| Untracked 
|  29|0x00000000c4900000, 0x00000000c4a00000, 0x00000000c4a00000|100%| O|  |TAMS 0x00000000c4900000| PB 0x00000000c4900000| Untracked 
|  30|0x00000000c4a00000, 0x00000000c4af5818, 0x00000000c4b00000| 95%| O|  |TAMS 0x00000000c4a00000| PB 0x00000000c4a00000| Untracked 
|  31|0x00000000c4b00000, 0x00000000c4b00000, 0x00000000c4c00000|  0%| F|  |TAMS 0x00000000c4b00000| PB 0x00000000c4b00000| Untracked 
|  32|0x00000000c4c00000, 0x00000000c4c00000, 0x00000000c4d00000|  0%| F|  |TAMS 0x00000000c4c00000| PB 0x00000000c4c00000| Untracked 
|  33|0x00000000c4d00000, 0x00000000c4d00000, 0x00000000c4e00000|  0%| F|  |TAMS 0x00000000c4d00000| PB 0x00000000c4d00000| Untracked 
|  34|0x00000000c4e00000, 0x00000000c4e00000, 0x00000000c4f00000|  0%| F|  |TAMS 0x00000000c4e00000| PB 0x00000000c4e00000| Untracked 
|  35|0x00000000c4f00000, 0x00000000c4fe7700, 0x00000000c5000000| 90%| S|CS|TAMS 0x00000000c4f00000| PB 0x00000000c4f00000| Complete 
|  36|0x00000000c5000000, 0x00000000c5000000, 0x00000000c5100000|  0%| F|  |TAMS 0x00000000c5000000| PB 0x00000000c5000000| Untracked 
|  37|0x00000000c5100000, 0x00000000c5100000, 0x00000000c5200000|  0%| F|  |TAMS 0x00000000c5100000| PB 0x00000000c5100000| Untracked 
|  38|0x00000000c5200000, 0x00000000c5300000, 0x00000000c5300000|100%| S|CS|TAMS 0x00000000c5200000| PB 0x00000000c5200000| Complete 
|  39|0x00000000c5300000, 0x00000000c5300000, 0x00000000c5400000|  0%| F|  |TAMS 0x00000000c5300000| PB 0x00000000c5300000| Untracked 
|  40|0x00000000c5400000, 0x00000000c5400000, 0x00000000c5500000|  0%| F|  |TAMS 0x00000000c5400000| PB 0x00000000c5400000| Untracked 
|  41|0x00000000c5500000, 0x00000000c5500000, 0x00000000c5600000|  0%| F|  |TAMS 0x00000000c5500000| PB 0x00000000c5500000| Untracked 
|  42|0x00000000c5600000, 0x00000000c56a0d30, 0x00000000c5700000| 62%| E|  |TAMS 0x00000000c5600000| PB 0x00000000c5600000| Complete 
|  43|0x00000000c5700000, 0x00000000c5800000, 0x00000000c5800000|100%| E|CS|TAMS 0x00000000c5700000| PB 0x00000000c5700000| Complete 
|  44|0x00000000c5800000, 0x00000000c5900000, 0x00000000c5900000|100%| E|CS|TAMS 0x00000000c5800000| PB 0x00000000c5800000| Complete 
|  45|0x00000000c5900000, 0x00000000c5a00000, 0x00000000c5a00000|100%| E|CS|TAMS 0x00000000c5900000| PB 0x00000000c5900000| Complete 
|  46|0x00000000c5a00000, 0x00000000c5b00000, 0x00000000c5b00000|100%| E|CS|TAMS 0x00000000c5a00000| PB 0x00000000c5a00000| Complete 
|  47|0x00000000c5b00000, 0x00000000c5c00000, 0x00000000c5c00000|100%| E|CS|TAMS 0x00000000c5b00000| PB 0x00000000c5b00000| Complete 
|  48|0x00000000c5c00000, 0x00000000c5d00000, 0x00000000c5d00000|100%| E|CS|TAMS 0x00000000c5c00000| PB 0x00000000c5c00000| Complete 
|  49|0x00000000c5d00000, 0x00000000c5e00000, 0x00000000c5e00000|100%| E|CS|TAMS 0x00000000c5d00000| PB 0x00000000c5d00000| Complete 
|  50|0x00000000c5e00000, 0x00000000c5f00000, 0x00000000c5f00000|100%| E|CS|TAMS 0x00000000c5e00000| PB 0x00000000c5e00000| Complete 
|  51|0x00000000c5f00000, 0x00000000c6000000, 0x00000000c6000000|100%| E|CS|TAMS 0x00000000c5f00000| PB 0x00000000c5f00000| Complete 
|  52|0x00000000c6000000, 0x00000000c6100000, 0x00000000c6100000|100%| E|CS|TAMS 0x00000000c6000000| PB 0x00000000c6000000| Complete 
|  61|0x00000000c6900000, 0x00000000c6a00000, 0x00000000c6a00000|100%| E|CS|TAMS 0x00000000c6900000| PB 0x00000000c6900000| Complete 

Card table byte_map: [0x000002e79ead0000,0x000002e79ecc0000] _byte_map_base: 0x000002e79e4ba000

Marking Bits: (CMBitMap*) 0x000002e787401080
 Bits: [0x000002e79ecc0000, 0x000002e79fc10000)

Polling page: 0x000002e786b90000

Metaspace:

Usage:
  Non-class:     64.87 MB used.
      Class:     10.46 MB used.
       Both:     75.33 MB used.

Virtual space:
  Non-class space:      128.00 MB reserved,      65.25 MB ( 51%) committed,  2 nodes.
      Class space:        1.00 GB reserved,      10.75 MB (  1%) committed,  1 nodes.
             Both:        1.12 GB reserved,      76.00 MB (  7%) committed. 

Chunk freelists:
   Non-Class:  14.13 MB
       Class:  5.20 MB
        Both:  19.33 MB

MaxMetaspaceSize: unlimited
CompressedClassSpaceSize: 1.00 GB
Initial GC threshold: 21.00 MB
Current GC threshold: 120.56 MB
CDS: on
 - commit_granule_bytes: 65536.
 - commit_granule_words: 8192.
 - virtual_space_node_default_size: 8388608.
 - enlarge_chunks_in_place: 1.
 - use_allocation_guard: 0.


Internal statistics:

num_allocs_failed_limit: 9.
num_arena_births: 968.
num_arena_deaths: 0.
num_vsnodes_births: 3.
num_vsnodes_deaths: 0.
num_space_committed: 1216.
num_space_uncommitted: 0.
num_chunks_returned_to_freelist: 9.
num_chunks_taken_from_freelist: 3683.
num_chunk_merges: 9.
num_chunk_splits: 2667.
num_chunks_enlarged: 2108.
num_inconsistent_stats: 0.

CodeHeap 'non-profiled nmethods': size=120064Kb used=3815Kb max_used=3815Kb free=116248Kb
 bounds [0x000002e797590000, 0x000002e797950000, 0x000002e79ead0000]
CodeHeap 'profiled nmethods': size=120000Kb used=11162Kb max_used=11162Kb free=108837Kb
 bounds [0x000002e78fad0000, 0x000002e7905c0000, 0x000002e797000000]
CodeHeap 'non-nmethods': size=5696Kb used=1742Kb max_used=1791Kb free=3953Kb
 bounds [0x000002e797000000, 0x000002e797270000, 0x000002e797590000]
CodeCache: size=245760Kb, used=16719Kb, max_used=16768Kb, free=229038Kb
 total_blobs=6604, nmethods=5851, adapters=658, full_count=0
Compilation: enabled, stopped_count=0, restarted_count=0

Compilation events (20 events):
Event: 168.805 Thread 0x000002e7a1e59820 nmethod 6827 0x000002e7905b4890 code [0x000002e7905b4a60, 0x000002e7905b4ca0]
Event: 168.808 Thread 0x000002e7a1e59820 6828       3       org.springframework.boot.context.properties.bind.BindConverter::convert (14 bytes)
Event: 168.808 Thread 0x000002e7a1e59820 nmethod 6828 0x000002e7905b4d90 code [0x000002e7905b4f40, 0x000002e7905b50c0]
Event: 168.815 Thread 0x000002e7a1e59820 6829       3       org.springframework.boot.context.properties.ConfigurationPropertiesBean::findMergedAnnotation (24 bytes)
Event: 168.815 Thread 0x000002e7a1e59820 nmethod 6829 0x000002e7905b5190 code [0x000002e7905b5380, 0x000002e7905b57d0]
Event: 168.815 Thread 0x000002e7a1e59820 6830       3       org.springframework.util.ClassUtils::getAllInterfacesForClassAsSet (106 bytes)
Event: 168.817 Thread 0x000002e7a1e59820 nmethod 6830 0x000002e7905b5990 code [0x000002e7905b5d20, 0x000002e7905b7338]
Event: 169.071 Thread 0x000002e7a1e53840 6831       4       java.lang.invoke.DirectMethodHandle$Holder::newInvokeSpecial (24 bytes)
Event: 169.074 Thread 0x000002e7a1e53840 nmethod 6831 0x000002e797949590 code [0x000002e797949740, 0x000002e797949948]
Event: 169.091 Thread 0x000002e7a1e59820 6832       3       java.util.Collections$SynchronizedCollection::stream (10 bytes)
Event: 169.092 Thread 0x000002e7a1e59820 nmethod 6832 0x000002e7905b7c90 code [0x000002e7905b7e40, 0x000002e7905b8018]
Event: 169.096 Thread 0x000002e7a1e53840 6833       4       org.springframework.boot.context.properties.source.SpringConfigurationPropertySources$SourcesIterator::hasNext (13 bytes)
Event: 169.097 Thread 0x000002e7a1e53840 nmethod 6833 0x000002e797949b10 code [0x000002e797949ca0, 0x000002e797949d60]
Event: 169.106 Thread 0x000002e7a1e53840 6834       4       org.springframework.beans.factory.support.AbstractBeanFactory::isTypeMatch (776 bytes)
Event: 169.109 Thread 0x000002e7a1e59820 6835       3       org.springframework.core.annotation.TypeMappedAnnotations$AggregatesCollector::createAggregate (19 bytes)
Event: 169.109 Thread 0x000002e7a1e59820 nmethod 6835 0x000002e7905b8110 code [0x000002e7905b82e0, 0x000002e7905b8600]
Event: 169.110 Thread 0x000002e7a1e59820 6836       3       org.springframework.core.annotation.TypeMappedAnnotations$AggregatesCollector::addAggregateAnnotations (89 bytes)
Event: 169.110 Thread 0x000002e7a1e59820 nmethod 6836 0x000002e7905b8790 code [0x000002e7905b89a0, 0x000002e7905b8f00]
Event: 169.111 Thread 0x000002e7a1e59820 6838       2       org.springframework.aop.framework.autoproxy.AbstractAutoProxyCreator$ComposedCacheKey::<init> (15 bytes)
Event: 169.114 Thread 0x000002e7a1e59820 nmethod 6838 0x000002e7905b9110 code [0x000002e7905b92c0, 0x000002e7905b9470]

GC Heap History (20 events):
Event: 111.660 GC heap before
{Heap before GC invocations=8 (full 0):
 garbage-first heap   total 55296K, used 44276K [0x00000000c2c00000, 0x0000000100000000)
  region size 1024K, 30 young (30720K), 4 survivors (4096K)
 Metaspace       used 31213K, committed 31744K, reserved 1114112K
  class space    used 4160K, committed 4416K, reserved 1048576K
}
Event: 111.680 GC heap after
{Heap after GC invocations=9 (full 0):
 garbage-first heap   total 55296K, used 19996K [0x00000000c2c00000, 0x0000000100000000)
  region size 1024K, 3 young (3072K), 3 survivors (3072K)
 Metaspace       used 31213K, committed 31744K, reserved 1114112K
  class space    used 4160K, committed 4416K, reserved 1048576K
}
Event: 117.858 GC heap before
{Heap before GC invocations=9 (full 0):
 garbage-first heap   total 55296K, used 40476K [0x00000000c2c00000, 0x0000000100000000)
  region size 1024K, 25 young (25600K), 3 survivors (3072K)
 Metaspace       used 35495K, committed 35968K, reserved 1114112K
  class space    used 4773K, committed 4992K, reserved 1048576K
}
Event: 117.871 GC heap after
{Heap after GC invocations=10 (full 0):
 garbage-first heap   total 55296K, used 22645K [0x00000000c2c00000, 0x0000000100000000)
  region size 1024K, 3 young (3072K), 3 survivors (3072K)
 Metaspace       used 35495K, committed 35968K, reserved 1114112K
  class space    used 4773K, committed 4992K, reserved 1048576K
}
Event: 123.158 GC heap before
{Heap before GC invocations=11 (full 0):
 garbage-first heap   total 55296K, used 46197K [0x00000000c2c00000, 0x0000000100000000)
  region size 1024K, 26 young (26624K), 3 survivors (3072K)
 Metaspace       used 41313K, committed 41920K, reserved 1114112K
  class space    used 5823K, committed 6080K, reserved 1048576K
}
Event: 123.170 GC heap after
{Heap after GC invocations=12 (full 0):
 garbage-first heap   total 55296K, used 24576K [0x00000000c2c00000, 0x0000000100000000)
  region size 1024K, 2 young (2048K), 2 survivors (2048K)
 Metaspace       used 41313K, committed 41920K, reserved 1114112K
  class space    used 5823K, committed 6080K, reserved 1048576K
}
Event: 129.779 GC heap before
{Heap before GC invocations=12 (full 0):
 garbage-first heap   total 55296K, used 47104K [0x00000000c2c00000, 0x0000000100000000)
  region size 1024K, 25 young (25600K), 2 survivors (2048K)
 Metaspace       used 51888K, committed 52416K, reserved 1114112K
  class space    used 7150K, committed 7360K, reserved 1048576K
}
Event: 129.792 GC heap after
{Heap after GC invocations=13 (full 0):
 garbage-first heap   total 55296K, used 26485K [0x00000000c2c00000, 0x0000000100000000)
  region size 1024K, 4 young (4096K), 4 survivors (4096K)
 Metaspace       used 51888K, committed 52416K, reserved 1114112K
  class space    used 7150K, committed 7360K, reserved 1048576K
}
Event: 133.767 GC heap before
{Heap before GC invocations=13 (full 0):
 garbage-first heap   total 55296K, used 46965K [0x00000000c2c00000, 0x0000000100000000)
  region size 1024K, 24 young (24576K), 4 survivors (4096K)
 Metaspace       used 56604K, committed 57152K, reserved 1114112K
  class space    used 7726K, committed 7936K, reserved 1048576K
}
Event: 133.781 GC heap after
{Heap after GC invocations=14 (full 0):
 garbage-first heap   total 55296K, used 28342K [0x00000000c2c00000, 0x0000000100000000)
  region size 1024K, 2 young (2048K), 2 survivors (2048K)
 Metaspace       used 56604K, committed 57152K, reserved 1114112K
  class space    used 7726K, committed 7936K, reserved 1048576K
}
Event: 135.141 GC heap before
{Heap before GC invocations=14 (full 0):
 garbage-first heap   total 55296K, used 38582K [0x00000000c2c00000, 0x0000000100000000)
  region size 1024K, 13 young (13312K), 2 survivors (2048K)
 Metaspace       used 59534K, committed 60096K, reserved 1114112K
  class space    used 8072K, committed 8320K, reserved 1048576K
}
Event: 135.148 GC heap after
{Heap after GC invocations=15 (full 0):
 garbage-first heap   total 55296K, used 28888K [0x00000000c2c00000, 0x0000000100000000)
  region size 1024K, 1 young (1024K), 1 survivors (1024K)
 Metaspace       used 59534K, committed 60096K, reserved 1114112K
  class space    used 8072K, committed 8320K, reserved 1048576K
}
Event: 141.840 GC heap before
{Heap before GC invocations=16 (full 0):
 garbage-first heap   total 55296K, used 48344K [0x00000000c2c00000, 0x0000000100000000)
  region size 1024K, 21 young (21504K), 1 survivors (1024K)
 Metaspace       used 65063K, committed 65728K, reserved 1114112K
  class space    used 9023K, committed 9344K, reserved 1048576K
}
Event: 141.846 GC heap after
{Heap after GC invocations=17 (full 0):
 garbage-first heap   total 55296K, used 29557K [0x00000000c2c00000, 0x0000000100000000)
  region size 1024K, 2 young (2048K), 2 survivors (2048K)
 Metaspace       used 65063K, committed 65728K, reserved 1114112K
  class space    used 9023K, committed 9344K, reserved 1048576K
}
Event: 148.117 GC heap before
{Heap before GC invocations=17 (full 0):
 garbage-first heap   total 55296K, used 47989K [0x00000000c2c00000, 0x0000000100000000)
  region size 1024K, 20 young (20480K), 2 survivors (2048K)
 Metaspace       used 70204K, committed 70848K, reserved 1114112K
  class space    used 9735K, committed 10048K, reserved 1048576K
}
Event: 148.127 GC heap after
{Heap after GC invocations=18 (full 0):
 garbage-first heap   total 55296K, used 30200K [0x00000000c2c00000, 0x0000000100000000)
  region size 1024K, 3 young (3072K), 3 survivors (3072K)
 Metaspace       used 70204K, committed 70848K, reserved 1114112K
  class space    used 9735K, committed 10048K, reserved 1048576K
}
Event: 155.338 GC heap before
{Heap before GC invocations=18 (full 0):
 garbage-first heap   total 55296K, used 45560K [0x00000000c2c00000, 0x0000000100000000)
  region size 1024K, 19 young (19456K), 3 survivors (3072K)
 Metaspace       used 73335K, committed 73984K, reserved 1114112K
  class space    used 10134K, committed 10432K, reserved 1048576K
}
Event: 155.350 GC heap after
{Heap after GC invocations=19 (full 0):
 garbage-first heap   total 55296K, used 31932K [0x00000000c2c00000, 0x0000000100000000)
  region size 1024K, 3 young (3072K), 3 survivors (3072K)
 Metaspace       used 73335K, committed 73984K, reserved 1114112K
  class space    used 10134K, committed 10432K, reserved 1048576K
}
Event: 161.780 GC heap before
{Heap before GC invocations=20 (full 0):
 garbage-first heap   total 55296K, used 47292K [0x00000000c2c00000, 0x0000000100000000)
  region size 1024K, 18 young (18432K), 3 survivors (3072K)
 Metaspace       used 75152K, committed 75840K, reserved 1179648K
  class space    used 10438K, committed 10752K, reserved 1048576K
}
Event: 161.793 GC heap after
{Heap after GC invocations=21 (full 0):
 garbage-first heap   total 55296K, used 33651K [0x00000000c2c00000, 0x0000000100000000)
  region size 1024K, 2 young (2048K), 2 survivors (2048K)
 Metaspace       used 75152K, committed 75840K, reserved 1179648K
  class space    used 10438K, committed 10752K, reserved 1048576K
}

Dll operation events (10 events):
Event: 6.759 Loaded shared library c:\Program Files\Eclipse Adoptium\jdk-21.0.8.9-hotspot\bin\java.dll
Event: 15.778 Loaded shared library c:\Program Files\Eclipse Adoptium\jdk-21.0.8.9-hotspot\bin\jsvml.dll
Event: 16.031 Loaded shared library C:\Program Files\Eclipse Adoptium\jdk-21.0.8.9-hotspot\bin\net.dll
Event: 16.445 Loaded shared library C:\Program Files\Eclipse Adoptium\jdk-21.0.8.9-hotspot\bin\nio.dll
Event: 16.651 Loaded shared library C:\Program Files\Eclipse Adoptium\jdk-21.0.8.9-hotspot\bin\zip.dll
Event: 19.911 Loaded shared library C:\Program Files\Eclipse Adoptium\jdk-21.0.8.9-hotspot\bin\management.dll
Event: 20.134 Loaded shared library C:\Program Files\Eclipse Adoptium\jdk-21.0.8.9-hotspot\bin\management_ext.dll
Event: 20.496 Loaded shared library C:\Program Files\Eclipse Adoptium\jdk-21.0.8.9-hotspot\bin\jimage.dll
Event: 102.698 Loaded shared library C:\Program Files\Eclipse Adoptium\jdk-21.0.8.9-hotspot\bin\sunmscapi.dll
Event: 125.597 Loaded shared library C:\Program Files\Eclipse Adoptium\jdk-21.0.8.9-hotspot\bin\extnet.dll

Deoptimization events (20 events):
Event: 163.103 Thread 0x000002e7873c9980 Uncommon trap: trap_request=0xffffffde fr.pc=0x000002e7977ff36c relative=0x000000000000086c
Event: 163.103 Thread 0x000002e7873c9980 Uncommon trap: reason=class_check action=maybe_recompile pc=0x000002e7977ff36c method=org.springframework.core.annotation.AnnotationsScanner.processMethodAnnotations(Ljava/lang/Object;ILjava/lang/reflect/Method;Lorg/springframework/core/annotation/Annotat
Event: 163.103 Thread 0x000002e7873c9980 DEOPT PACKING pc=0x000002e7977ff36c sp=0x000000f14f8fa650
Event: 163.103 Thread 0x000002e7873c9980 DEOPT UNPACKING pc=0x000002e79705469c sp=0x000000f14f8fa638 mode 2
Event: 163.109 Thread 0x000002e7873c9980 Uncommon trap: trap_request=0xffffffde fr.pc=0x000002e7976ca640 relative=0x0000000000001d20
Event: 163.109 Thread 0x000002e7873c9980 Uncommon trap: reason=class_check action=maybe_recompile pc=0x000002e7976ca640 method=org.springframework.core.annotation.AnnotationsScanner.processMethodHierarchy(Ljava/lang/Object;[ILjava/lang/Class;Lorg/springframework/core/annotation/AnnotationsProces
Event: 163.109 Thread 0x000002e7873c9980 DEOPT PACKING pc=0x000002e7976ca640 sp=0x000000f14f8fa710
Event: 163.109 Thread 0x000002e7873c9980 DEOPT UNPACKING pc=0x000002e79705469c sp=0x000000f14f8fa6e8 mode 2
Event: 163.109 Thread 0x000002e7873c9980 Uncommon trap: trap_request=0xffffffde fr.pc=0x000002e7977ff36c relative=0x000000000000086c
Event: 163.109 Thread 0x000002e7873c9980 Uncommon trap: reason=class_check action=maybe_recompile pc=0x000002e7977ff36c method=org.springframework.core.annotation.AnnotationsScanner.processMethodAnnotations(Ljava/lang/Object;ILjava/lang/reflect/Method;Lorg/springframework/core/annotation/Annotat
Event: 163.109 Thread 0x000002e7873c9980 DEOPT PACKING pc=0x000002e7977ff36c sp=0x000000f14f8fa650
Event: 163.109 Thread 0x000002e7873c9980 DEOPT UNPACKING pc=0x000002e79705469c sp=0x000000f14f8fa638 mode 2
Event: 165.498 Thread 0x000002e7873c9980 Uncommon trap: trap_request=0xffffff45 fr.pc=0x000002e7976f09a8 relative=0x0000000000000108
Event: 165.498 Thread 0x000002e7873c9980 Uncommon trap: reason=unstable_if action=reinterpret pc=0x000002e7976f09a8 method=org.springframework.util.ObjectUtils.nullSafeEquals(Ljava/lang/Object;Ljava/lang/Object;)Z @ 12 c2
Event: 165.498 Thread 0x000002e7873c9980 DEOPT PACKING pc=0x000002e7976f09a8 sp=0x000000f14f8fa920
Event: 165.498 Thread 0x000002e7873c9980 DEOPT UNPACKING pc=0x000002e79705469c sp=0x000000f14f8fa8c0 mode 2
Event: 167.063 Thread 0x000002e7873c9980 Uncommon trap: trap_request=0xffffff45 fr.pc=0x000002e7977cb1dc relative=0x000000000000067c
Event: 167.063 Thread 0x000002e7873c9980 Uncommon trap: reason=unstable_if action=reinterpret pc=0x000002e7977cb1dc method=org.springframework.beans.factory.support.DefaultSingletonBeanRegistry.getSingleton(Ljava/lang/String;Z)Ljava/lang/Object; @ 39 c2
Event: 167.063 Thread 0x000002e7873c9980 DEOPT PACKING pc=0x000002e7977cb1dc sp=0x000000f14f8fa0a0
Event: 167.063 Thread 0x000002e7873c9980 DEOPT UNPACKING pc=0x000002e79705469c sp=0x000000f14f8fa030 mode 2

Classes loaded (20 events):
Event: 159.741 Loading class java/util/stream/SortedOps$SizedRefSortingSink
Event: 159.741 Loading class java/util/stream/SortedOps$SizedRefSortingSink done
Event: 161.444 Loading class java/util/EnumMap$EntrySet
Event: 161.445 Loading class java/util/EnumMap$EntrySet done
Event: 161.445 Loading class java/util/EnumMap$EntryIterator
Event: 161.445 Loading class java/util/EnumMap$EnumMapIterator
Event: 161.445 Loading class java/util/EnumMap$EnumMapIterator done
Event: 161.445 Loading class java/util/EnumMap$EntryIterator done
Event: 162.278 Loading class sun/reflect/annotation/TypeAnnotation$TypeAnnotationTargetInfo
Event: 162.278 Loading class sun/reflect/annotation/TypeAnnotation$TypeAnnotationTargetInfo done
Event: 162.798 Loading class java/util/Comparators$NullComparator
Event: 162.798 Loading class java/util/Comparators$NullComparator done
Event: 164.279 Loading class java/nio/file/TempFileHelper
Event: 164.279 Loading class java/nio/file/TempFileHelper done
Event: 164.281 Loading class sun/nio/fs/WindowsPath$1
Event: 164.993 Loading class sun/nio/fs/WindowsPath$1 done
Event: 165.127 Loading class java/io/DeleteOnExitHook
Event: 165.130 Loading class java/io/DeleteOnExitHook done
Event: 165.130 Loading class java/io/DeleteOnExitHook$1
Event: 165.130 Loading class java/io/DeleteOnExitHook$1 done

Classes unloaded (0 events):
No events

Classes redefined (0 events):
No events

Internal exceptions (20 events):
Event: 142.998 Thread 0x000002e7873c9980 Exception <a 'java/lang/NoSuchMethodError'{0x00000000c5c07758}: 'void java.lang.invoke.DirectMethodHandle$Holder.invokeInterface(java.lang.Object, java.lang.Object, int, java.lang.Object)'> (0x00000000c5c07758) 
thrown [s\src\hotspot\share\interpreter\linkResolver.cpp, line 773]
Event: 143.018 Thread 0x000002e7873c9980 Exception <a 'java/lang/NoSuchMethodError'{0x00000000c5c369c8}: 'java.lang.Object java.lang.invoke.DirectMethodHandle$Holder.newInvokeSpecial(java.lang.Object, java.lang.Object, int, java.lang.Object)'> (0x00000000c5c369c8) 
thrown [s\src\hotspot\share\interpreter\linkResolver.cpp, line 773]
Event: 143.178 Thread 0x000002e7873c9980 Exception <a 'java/lang/NoSuchMethodError'{0x00000000c5cf1210}: 'void java.lang.invoke.DirectMethodHandle$Holder.invokeSpecial(java.lang.Object, java.lang.Object, java.lang.Object, java.lang.Object, java.lang.Object, java.lang.Object, java.lang.Object, java.lang.Object)'> (0x00000000c5cf1210) 
thrown [s\src\hotspot\share\interpreter\linkResolver.cpp, line 773]
Event: 143.905 Thread 0x000002e7873c9980 Exception <a 'java/lang/NoSuchMethodError'{0x00000000c5a7f520}: 'int java.lang.invoke.DirectMethodHandle$Holder.invokeStatic(java.lang.Object, int, java.lang.Object)'> (0x00000000c5a7f520) 
thrown [s\src\hotspot\share\interpreter\linkResolver.cpp, line 773]
Event: 144.046 Thread 0x000002e7873c9980 Exception <a 'java/lang/NoSuchMethodError'{0x00000000c5acde58}: 'java.lang.Object java.lang.invoke.Invokers$Holder.linkToTargetMethod(java.lang.Object, java.lang.Object, java.lang.Object, java.lang.Object, java.lang.Object, java.lang.Object, java.lang.Object, java.lang.Object, java.lang.Object, java.lang.Object, java.lang.Object, java.lang.Object)'> (0x00000000c5acde58) 
thrown [s\src\hotspot\share\interpreter\linkResolver.cpp, line 773]
Event: 145.072 Thread 0x000002e7873c9980 Exception <a 'java/lang/IncompatibleClassChangeError'{0x00000000c5828d10}: Found class java.lang.Object, but interface was expected> (0x00000000c5828d10) 
thrown [s\src\hotspot\share\interpreter\linkResolver.cpp, line 840]
Event: 145.583 Thread 0x000002e7873c9980 Exception <a 'java/lang/NoSuchMethodError'{0x00000000c57a2080}: 'java.lang.Object java.lang.invoke.DirectMethodHandle$Holder.newInvokeSpecial(java.lang.Object, java.lang.Object, int, java.lang.Object, int, java.lang.Object, java.lang.Object)'> (0x00000000c57a2080) 
thrown [s\src\hotspot\share\interpreter\linkResolver.cpp, line 773]
Event: 148.153 Thread 0x000002e7873c9980 Exception <a 'java/lang/NoSuchMethodError'{0x00000000c60046b0}: 'void java.lang.invoke.Invokers$Holder.invokeExact_MT(java.lang.Object, java.lang.Object, java.lang.Object, java.lang.Object)'> (0x00000000c60046b0) 
thrown [s\src\hotspot\share\interpreter\linkResolver.cpp, line 773]
Event: 150.158 Thread 0x000002e7873c9980 Implicit null exception at 0x000002e7976d4fc0 to 0x000002e7976d6934
Event: 150.170 Thread 0x000002e7873c9980 Exception <a 'java/lang/IncompatibleClassChangeError'{0x00000000c5ee3cc8}: Found class java.lang.Object, but interface was expected> (0x00000000c5ee3cc8) 
thrown [s\src\hotspot\share\interpreter\linkResolver.cpp, line 840]
Event: 150.805 Thread 0x000002e7873c9980 Exception <a 'java/lang/IncompatibleClassChangeError'{0x00000000c5c77ac0}: Found class java.lang.Object, but interface was expected> (0x00000000c5c77ac0) 
thrown [s\src\hotspot\share\interpreter\linkResolver.cpp, line 840]
Event: 155.311 Thread 0x000002e7873c9980 Exception <a 'java/lang/IncompatibleClassChangeError'{0x00000000c5287db0}: Found class java.lang.Object, but interface was expected> (0x00000000c5287db0) 
thrown [s\src\hotspot\share\interpreter\linkResolver.cpp, line 840]
Event: 156.581 Thread 0x000002e7873c9980 Exception <a 'java/lang/NoSuchMethodError'{0x00000000c5f476c8}: 'int java.lang.invoke.DirectMethodHandle$Holder.invokeStaticInit(java.lang.Object, int, java.lang.Object, java.lang.Object, java.lang.Object, java.lang.Object)'> (0x00000000c5f476c8) 
thrown [s\src\hotspot\share\interpreter\linkResolver.cpp, line 773]
Event: 159.262 Thread 0x000002e7873c9980 Exception <a 'java/lang/NoSuchMethodError'{0x00000000c5977478}: 'java.lang.Object java.lang.invoke.DirectMethodHandle$Holder.newInvokeSpecial(java.lang.Object, java.lang.Object, java.lang.Object, java.lang.Object, java.lang.Object, java.lang.Object, java.lang.Object, java.lang.Object, java.lang.Object, java.lang.Object, java.lang.Object)'> (0x00000000c5977478) 
thrown [s\src\hotspot\share\interpreter\linkResolver.cpp, line 773]
Event: 161.445 Thread 0x000002e7873c9980 Exception <a 'java/lang/NoSuchMethodError'{0x00000000c55ed190}: 'java.lang.Object java.lang.invoke.DirectMethodHandle$Holder.invokeVirtual(java.lang.Object, java.lang.Object, java.lang.Object, int)'> (0x00000000c55ed190) 
thrown [s\src\hotspot\share\interpreter\linkResolver.cpp, line 773]
Event: 162.260 Thread 0x000002e7873c9980 Exception <a 'java/lang/NoSuchMethodError'{0x00000000c6003fe0}: 'java.lang.Object java.lang.invoke.DirectMethodHandle$Holder.invokeVirtual(java.lang.Object, java.lang.Object, int)'> (0x00000000c6003fe0) 
thrown [s\src\hotspot\share\interpreter\linkResolver.cpp, line 773]
Event: 162.280 Thread 0x000002e7873c9980 Exception <a 'java/lang/NoSuchMethodError'{0x00000000c605f620}: 'java.lang.Object java.lang.invoke.DirectMethodHandle$Holder.invokeVirtual(java.lang.Object, java.lang.Object, java.lang.Object, java.lang.Object, java.lang.Object, java.lang.Object)'> (0x00000000c605f620) 
thrown [s\src\hotspot\share\interpreter\linkResolver.cpp, line 773]
Event: 164.212 Thread 0x000002e7873c9980 Exception <a 'java/lang/IncompatibleClassChangeError'{0x00000000c5c05728}: Found class java.lang.Object, but interface was expected> (0x00000000c5c05728) 
thrown [s\src\hotspot\share\interpreter\linkResolver.cpp, line 840]
Event: 165.498 Thread 0x000002e7873c9980 Implicit null exception at 0x000002e7976f08cc to 0x000002e7976f099a
Event: 166.863 Thread 0x000002e7873c9980 Exception <a 'java/lang/NoSuchMethodError'{0x00000000c5979160}: 'int java.lang.invoke.DirectMethodHandle$Holder.invokeStaticInit(java.lang.Object, java.lang.Object, java.lang.Object, java.lang.Object)'> (0x00000000c5979160) 
thrown [s\src\hotspot\share\interpreter\linkResolver.cpp, line 773]

ZGC Phase Switch (0 events):
No events

VM Operations (20 events):
Event: 161.793 Executing VM operation: G1CollectForAllocation (G1 Evacuation Pause) done
Event: 162.803 Executing VM operation: Cleanup
Event: 162.821 Executing VM operation: Cleanup done
Event: 163.095 Executing VM operation: HandshakeAllThreads (Deoptimize)
Event: 163.095 Executing VM operation: HandshakeAllThreads (Deoptimize) done
Event: 163.113 Executing VM operation: HandshakeAllThreads (Deoptimize)
Event: 163.113 Executing VM operation: HandshakeAllThreads (Deoptimize) done
Event: 164.136 Executing VM operation: Cleanup
Event: 164.202 Executing VM operation: Cleanup done
Event: 164.258 Executing VM operation: HandshakeAllThreads (Deoptimize)
Event: 164.258 Executing VM operation: HandshakeAllThreads (Deoptimize) done
Event: 165.272 Executing VM operation: Cleanup
Event: 165.321 Executing VM operation: Cleanup done
Event: 166.325 Executing VM operation: Cleanup
Event: 166.357 Executing VM operation: Cleanup done
Event: 166.368 Executing VM operation: HandshakeAllThreads (Deoptimize)
Event: 166.369 Executing VM operation: HandshakeAllThreads (Deoptimize) done
Event: 167.372 Executing VM operation: Cleanup
Event: 168.454 Executing VM operation: Cleanup done
Event: 169.459 Executing VM operation: Cleanup

Memory protections (0 events):
No events

Nmethod flushes (20 events):
Event: 155.485 Thread 0x000002e78747c7a0 flushing  nmethod 0x000002e78fedc990
Event: 155.485 Thread 0x000002e78747c7a0 flushing  nmethod 0x000002e78fede710
Event: 155.485 Thread 0x000002e78747c7a0 flushing  nmethod 0x000002e78feed090
Event: 155.485 Thread 0x000002e78747c7a0 flushing  nmethod 0x000002e78ff2f410
Event: 155.485 Thread 0x000002e78747c7a0 flushing  nmethod 0x000002e78ff69a10
Event: 155.485 Thread 0x000002e78747c7a0 flushing  nmethod 0x000002e78ff82b90
Event: 155.485 Thread 0x000002e78747c7a0 flushing  nmethod 0x000002e790012f10
Event: 155.485 Thread 0x000002e78747c7a0 flushing  nmethod 0x000002e790037710
Event: 155.485 Thread 0x000002e78747c7a0 flushing  nmethod 0x000002e79003cd10
Event: 155.485 Thread 0x000002e78747c7a0 flushing  nmethod 0x000002e79003d590
Event: 155.485 Thread 0x000002e78747c7a0 flushing  nmethod 0x000002e79007a610
Event: 155.485 Thread 0x000002e78747c7a0 flushing  nmethod 0x000002e7900c7b10
Event: 155.485 Thread 0x000002e78747c7a0 flushing  nmethod 0x000002e790106710
Event: 155.485 Thread 0x000002e78747c7a0 flushing  nmethod 0x000002e790388290
Event: 155.485 Thread 0x000002e78747c7a0 flushing  nmethod 0x000002e7903adc10
Event: 155.485 Thread 0x000002e78747c7a0 flushing  nmethod 0x000002e7903d6690
Event: 155.485 Thread 0x000002e78747c7a0 flushing  nmethod 0x000002e7903d7190
Event: 155.485 Thread 0x000002e78747c7a0 flushing  nmethod 0x000002e7903db610
Event: 155.485 Thread 0x000002e78747c7a0 flushing  nmethod 0x000002e790499b10
Event: 155.485 Thread 0x000002e78747c7a0 flushing  nmethod 0x000002e7904bc190

Events (20 events):
Event: 15.674 Thread 0x000002e7873c9980 Thread added: 0x000002e7a1e46940
Event: 15.674 Thread 0x000002e7873c9980 Thread added: 0x000002e7a1e486b0
Event: 15.693 Thread 0x000002e7873c9980 Thread added: 0x000002e7a1e4cbb0
Event: 15.693 Thread 0x000002e7873c9980 Thread added: 0x000002e7a1e4d600
Event: 15.693 Thread 0x000002e7873c9980 Thread added: 0x000002e7a1e4e050
Event: 15.693 Thread 0x000002e7873c9980 Thread added: 0x000002e7a1e4eaa0
Event: 15.694 Thread 0x000002e7873c9980 Thread added: 0x000002e7a1e53840
Event: 15.695 Thread 0x000002e7873c9980 Thread added: 0x000002e7a1e59820
Event: 15.874 Thread 0x000002e7873c9980 Thread added: 0x000002e7e706fc30
Event: 15.899 Thread 0x000002e7873c9980 Thread added: 0x000002e7e7075880
Event: 43.950 Thread 0x000002e7873c9980 Thread added: 0x000002e7e720b5a0
Event: 43.970 Thread 0x000002e7873c9980 Thread added: 0x000002e7e72c2260
Event: 96.514 Thread 0x000002e7873c9980 Thread added: 0x000002e7e7992870
Event: 101.047 Thread 0x000002e7873c9980 Thread added: 0x000002e7e9d236f0
Event: 101.632 Thread 0x000002e7e9d236f0 Thread exited: 0x000002e7e9d236f0
Event: 103.793 Thread 0x000002e7e7992870 Thread exited: 0x000002e7e7992870
Event: 115.081 Thread 0x000002e7873c9980 Thread added: 0x000002e7ea2d1860
Event: 129.599 Thread 0x000002e7873c9980 Thread added: 0x000002e7e9426d90
Event: 129.756 Thread 0x000002e7e9426d90 Thread added: 0x000002e7ea2324c0
Event: 137.216 Thread 0x000002e7ea2324c0 Thread exited: 0x000002e7ea2324c0


Dynamic libraries:
0x00007ff6e4520000 - 0x00007ff6e452e000 	c:\Program Files\Eclipse Adoptium\jdk-21.0.8.9-hotspot\bin\java.exe
0x00007ff82b010000 - 0x00007ff82b227000 	C:\WINDOWS\SYSTEM32\ntdll.dll
0x00007ff82ab50000 - 0x00007ff82ac14000 	C:\WINDOWS\System32\KERNEL32.DLL
0x00007ff828650000 - 0x00007ff828a22000 	C:\WINDOWS\System32\KERNELBASE.dll
0x00007ff828100000 - 0x00007ff828211000 	C:\WINDOWS\System32\ucrtbase.dll
0x00007ff819fc0000 - 0x00007ff819fd8000 	c:\Program Files\Eclipse Adoptium\jdk-21.0.8.9-hotspot\bin\jli.dll
0x00007ff82a630000 - 0x00007ff82a7e1000 	C:\WINDOWS\System32\USER32.dll
0x00007ff828410000 - 0x00007ff828436000 	C:\WINDOWS\System32\win32u.dll
0x00007ff82a160000 - 0x00007ff82a189000 	C:\WINDOWS\System32\GDI32.dll
0x00007ff828a30000 - 0x00007ff828b53000 	C:\WINDOWS\System32\gdi32full.dll
0x00007ff828440000 - 0x00007ff8284da000 	C:\WINDOWS\System32\msvcp_win.dll
0x00007ff815a00000 - 0x00007ff815a1e000 	c:\Program Files\Eclipse Adoptium\jdk-21.0.8.9-hotspot\bin\VCRUNTIME140.dll
0x00007ff816830000 - 0x00007ff816acb000 	C:\WINDOWS\WinSxS\amd64_microsoft.windows.common-controls_6595b64144ccf1df_6.0.22621.5547_none_27104afb73855772\COMCTL32.dll
0x00007ff82ad80000 - 0x00007ff82ae27000 	C:\WINDOWS\System32\msvcrt.dll
0x00007ff82ad40000 - 0x00007ff82ad71000 	C:\WINDOWS\System32\IMM32.DLL
0x00007ff824d80000 - 0x00007ff824d8c000 	c:\Program Files\Eclipse Adoptium\jdk-21.0.8.9-hotspot\bin\vcruntime140_1.dll
0x00007ff810a00000 - 0x00007ff810a8d000 	c:\Program Files\Eclipse Adoptium\jdk-21.0.8.9-hotspot\bin\msvcp140.dll
0x00007fffbb0f0000 - 0x00007fffbbe87000 	c:\Program Files\Eclipse Adoptium\jdk-21.0.8.9-hotspot\bin\server\jvm.dll
0x00007ff82a190000 - 0x00007ff82a241000 	C:\WINDOWS\System32\ADVAPI32.dll
0x00007ff82a2c0000 - 0x00007ff82a368000 	C:\WINDOWS\System32\sechost.dll
0x00007ff828360000 - 0x00007ff828388000 	C:\WINDOWS\System32\bcrypt.dll
0x00007ff82ac20000 - 0x00007ff82ad34000 	C:\WINDOWS\System32\RPCRT4.dll
0x00007ff828d70000 - 0x00007ff828de1000 	C:\WINDOWS\System32\WS2_32.dll
0x00007ff827f20000 - 0x00007ff827f6d000 	C:\WINDOWS\SYSTEM32\POWRPROF.dll
0x00007ff821720000 - 0x00007ff82172a000 	C:\WINDOWS\SYSTEM32\VERSION.dll
0x00007ff822210000 - 0x00007ff822244000 	C:\WINDOWS\SYSTEM32\WINMM.dll
0x00007ff827e00000 - 0x00007ff827e13000 	C:\WINDOWS\SYSTEM32\UMPDC.dll
0x00007ff827130000 - 0x00007ff827148000 	C:\WINDOWS\SYSTEM32\kernel.appcore.dll
0x00007ff822de0000 - 0x00007ff822dea000 	c:\Program Files\Eclipse Adoptium\jdk-21.0.8.9-hotspot\bin\jimage.dll
0x00007ff825c20000 - 0x00007ff825e53000 	C:\WINDOWS\SYSTEM32\DBGHELP.DLL
0x00007ff828f10000 - 0x00007ff8292a3000 	C:\WINDOWS\System32\combase.dll
0x00007ff82a7f0000 - 0x00007ff82a8c7000 	C:\WINDOWS\System32\OLEAUT32.dll
0x00007ff809440000 - 0x00007ff809472000 	C:\WINDOWS\SYSTEM32\dbgcore.DLL
0x00007ff828220000 - 0x00007ff82829b000 	C:\WINDOWS\System32\bcryptPrimitives.dll
0x00007ff811dc0000 - 0x00007ff811ddf000 	c:\Program Files\Eclipse Adoptium\jdk-21.0.8.9-hotspot\bin\java.dll
0x00007ff829410000 - 0x00007ff829cb2000 	C:\WINDOWS\System32\SHELL32.dll
0x00007ff828b60000 - 0x00007ff828c9f000 	C:\WINDOWS\System32\wintypes.dll
0x00007ff826030000 - 0x00007ff82694d000 	C:\WINDOWS\SYSTEM32\windows.storage.dll
0x00007ff82a480000 - 0x00007ff82a58c000 	C:\WINDOWS\System32\SHCORE.dll
0x00007ff82a250000 - 0x00007ff82a2b9000 	C:\WINDOWS\System32\shlwapi.dll
0x00007ff828030000 - 0x00007ff82805b000 	C:\WINDOWS\SYSTEM32\profapi.dll
0x00007fffdd650000 - 0x00007fffdd727000 	c:\Program Files\Eclipse Adoptium\jdk-21.0.8.9-hotspot\bin\jsvml.dll
0x00007ff81a030000 - 0x00007ff81a040000 	C:\Program Files\Eclipse Adoptium\jdk-21.0.8.9-hotspot\bin\net.dll
0x00007ff820a30000 - 0x00007ff820b5c000 	C:\WINDOWS\SYSTEM32\WINHTTP.dll
0x00007ff8275b0000 - 0x00007ff827619000 	C:\WINDOWS\system32\mswsock.dll
0x00007ff810e00000 - 0x00007ff810e16000 	C:\Program Files\Eclipse Adoptium\jdk-21.0.8.9-hotspot\bin\nio.dll
0x00007ff810fb0000 - 0x00007ff810fc8000 	C:\Program Files\Eclipse Adoptium\jdk-21.0.8.9-hotspot\bin\zip.dll
0x00007ff817de0000 - 0x00007ff817dea000 	C:\Program Files\Eclipse Adoptium\jdk-21.0.8.9-hotspot\bin\management.dll
0x00007ff813dd0000 - 0x00007ff813ddb000 	C:\Program Files\Eclipse Adoptium\jdk-21.0.8.9-hotspot\bin\management_ext.dll
0x00007ff82a140000 - 0x00007ff82a148000 	C:\WINDOWS\System32\PSAPI.DLL
0x00007ff819dd0000 - 0x00007ff819dde000 	C:\Program Files\Eclipse Adoptium\jdk-21.0.8.9-hotspot\bin\sunmscapi.dll
0x00007ff8284e0000 - 0x00007ff828647000 	C:\WINDOWS\System32\CRYPT32.dll
0x00007ff8279a0000 - 0x00007ff8279cd000 	C:\WINDOWS\SYSTEM32\ncrypt.dll
0x00007ff827960000 - 0x00007ff827997000 	C:\WINDOWS\SYSTEM32\NTASN1.dll
0x00007ff827800000 - 0x00007ff82781b000 	C:\WINDOWS\SYSTEM32\CRYPTSP.dll
0x00007ff827090000 - 0x00007ff8270c7000 	C:\WINDOWS\system32\rsaenh.dll
0x00007ff8276a0000 - 0x00007ff8276c8000 	C:\WINDOWS\SYSTEM32\USERENV.dll
0x00007ff827820000 - 0x00007ff82782c000 	C:\WINDOWS\SYSTEM32\CRYPTBASE.dll
0x00007ff826ce0000 - 0x00007ff826d0d000 	C:\WINDOWS\SYSTEM32\IPHLPAPI.DLL
0x00007ff82a590000 - 0x00007ff82a599000 	C:\WINDOWS\System32\NSI.dll
0x00007ff826d10000 - 0x00007ff826e08000 	C:\WINDOWS\SYSTEM32\DNSAPI.dll
0x00007ff811d30000 - 0x00007ff811d3a000 	C:\Windows\System32\rasadhlp.dll
0x00007ff81df80000 - 0x00007ff81e004000 	C:\WINDOWS\System32\fwpuclnt.dll
0x00007ff819f90000 - 0x00007ff819f99000 	C:\Program Files\Eclipse Adoptium\jdk-21.0.8.9-hotspot\bin\extnet.dll

JVMTI agents: none

dbghelp: loaded successfully - version: 4.0.5 - missing functions: none
symbol engine: initialized successfully - sym options: 0x614 - pdb path: .;c:\Program Files\Eclipse Adoptium\jdk-21.0.8.9-hotspot\bin;C:\WINDOWS\SYSTEM32;C:\WINDOWS\WinSxS\amd64_microsoft.windows.common-controls_6595b64144ccf1df_6.0.22621.5547_none_27104afb73855772;c:\Program Files\Eclipse Adoptium\jdk-21.0.8.9-hotspot\bin\server

VM Arguments:
java_command: C:\Users\asus\AppData\Local\Temp\surefire1332036231796400602\surefirebooter-20260305230745618_3.jar C:\Users\asus\AppData\Local\Temp\surefire1332036231796400602 2026-03-05T23-07-30_298-jvmRun1 surefire-20260305230745618_1tmp surefire_0-20260305230745618_2tmp
java_class_path (initial): C:\Users\asus\AppData\Local\Temp\surefire1332036231796400602\surefirebooter-20260305230745618_3.jar
Launcher Type: SUN_STANDARD

[Global flags]
     intx CICompilerCount                          = 2                                         {product} {ergonomic}
     uint ConcGCThreads                            = 1                                         {product} {ergonomic}
     uint G1ConcRefinementThreads                  = 2                                         {product} {ergonomic}
   size_t G1HeapRegionSize                         = 1048576                                   {product} {ergonomic}
    uintx GCDrainStackTargetSize                   = 64                                        {product} {ergonomic}
   size_t InitialHeapSize                          = 65011712                                  {product} {ergonomic}
   size_t MarkStackSize                            = 4194304                                   {product} {ergonomic}
   size_t MaxHeapSize                              = 1027604480                                {product} {ergonomic}
   size_t MaxNewSize                               = 616562688                                 {product} {ergonomic}
   size_t MinHeapDeltaBytes                        = 1048576                                   {product} {ergonomic}
   size_t MinHeapSize                              = 8388608                                   {product} {ergonomic}
    uintx NonNMethodCodeHeapSize                   = 5826188                                {pd product} {ergonomic}
    uintx NonProfiledCodeHeapSize                  = 122916026                              {pd product} {ergonomic}
    uintx ProfiledCodeHeapSize                     = 122916026                              {pd product} {ergonomic}
    uintx ReservedCodeCacheSize                    = 251658240                              {pd product} {ergonomic}
     bool SegmentedCodeCache                       = true                                      {product} {ergonomic}
   size_t SoftMaxHeapSize                          = 1027604480                             {manageable} {ergonomic}
     bool UseCompressedOops                        = true                           {product lp64_product} {ergonomic}
     bool UseG1GC                                  = true                                      {product} {ergonomic}
     bool UseLargePagesIndividualAllocation        = false                                  {pd product} {ergonomic}

Logging:
Log output configuration:
 #0: stdout all=warning uptime,level,tags foldmultilines=false
 #1: stderr all=off uptime,level,tags foldmultilines=false

Environment Variables:
JAVA_HOME=c:\Program Files\Eclipse Adoptium\jdk-21.0.8.9-hotspot\
PATH=c:\Program Files\Eclipse Adoptium\jdk-21.0.8.9-hotspot\bin;C:\WINDOWS\system32;C:\WINDOWS;C:\WINDOWS\System32\Wbem;C:\WINDOWS\System32\WindowsPowerShell\v1.0\;C:\WINDOWS\System32\OpenSSH\;C:\MinGW\bin;C:\Program Files\MySQL\MySQL Server 8.0\bin;c:\Program Files\Eclipse Adoptium\jdk-21.0.8.9-hotspot\\bin;C:\maven\apache-maven-3.9.11\bin;C:\Program Files\Git\cmd;C:\Program Files\Git\mingw64\bin;C:\Program Files\Git\usr\bin;C:\Program Files\MySQL\MySQL Shell 8.0\bin\;C:\Users\asus\AppData\Local\Microsoft\WindowsApps;;C:\Program Files\JetBrains\IntelliJ IDEA Community Edition 2025.2.4\bin;C:\Users\asus\AppData\Local\Programs\Microsoft VS Code\bin;C:\Users\asus\AppData\Local\Programs\cursor\resources\app\bin
USERNAME=asus
TERM=dumb
OS=Windows_NT
PROCESSOR_IDENTIFIER=Intel64 Family 6 Model 122 Stepping 8, GenuineIntel
TMP=C:\Users\asus\AppData\Local\Temp
TEMP=C:\Users\asus\AppData\Local\Temp




Periodic native trim disabled

---------------  S Y S T E M  ---------------

OS:
 Windows 11 , 64 bit Build 22621 (10.0.22621.5415)
OS uptime: 11 days 15:02 hours

CPU: total 2 (initial active 2) (2 cores per cpu, 1 threads per core) family 6 model 122 stepping 8 microcode 0x18, cx8, cmov, fxsr, mmx, 3dnowpref, sse, sse2, sse3, ssse3, sse4.1, sse4.2, popcnt, tsc, tscinvbit, aes, erms, clmul, sha, clflush, clflushopt, rdtscp, rdpid
Processor Information for the first 2 processors :
  Max Mhz: 1101, Current Mhz: 1101, Mhz Limit: 1101

Memory: 4k page, system-wide physical 3918M (132M free)
TotalPageFile size 15694M (AvailPageFile size 4M)
current process WorkingSet (physical memory assigned to process): 225M, peak: 230M
current process commit charge ("private bytes"): 282M, peak: 283M

vm_info: OpenJDK 64-Bit Server VM (21.0.8+9-LTS) for windows-amd64 JRE (21.0.8+9-LTS), built on 2025-07-15T00:00:00Z by "admin" with MS VC++ 17.7 (VS2022)

END.
